[    5016ms] [INFO] %cDownload the React DevTools for a better development experience: https://react.dev/link/react-devtools font-weight:bold @ http://localhost:5173/node_modules/.vite/deps/react-dom_client.js?v=2a1716fc:20100
[    5092ms] [WARNING] ⚠️ React Router Future Flag Warning: React Router will begin wrapping state updates in `React.startTransition` in v7. You can use the `v7_startTransition` future flag to opt-in early. For more information, see https://reactrouter.com/v6/upgrading/future#v7_starttransition. @ http://localhost:5173/node_modules/.vite/deps/react-router-dom.js?v=2a1716fc:4432
[    5092ms] [WARNING] ⚠️ React Router Future Flag Warning: Relative route resolution within Splat routes is changing in v7. You can use the `v7_relativeSplatPath` future flag to opt-in early. For more information, see https://reactrouter.com/v6/upgrading/future#v7_relativesplatpath. @ http://localhost:5173/node_modules/.vite/deps/react-router-dom.js?v=2a1716fc:4432
[    5226ms] [LOG] Loading notifications: mode=initial, cursor=null @ http://localhost:5173/src/components/NotificationBell.tsx?t=1777547618262:65
[    5227ms] [WARNING] WebSocket connection to 'ws://localhost:8001/notifications/ws?token=eyJhbGciOiJIUzI1NiIsInR5cCI6IkpXVCJ9.eyJzdWIiOiJ0YWxlbnR1cC5qb2JzZWVrZXIuMjAyNjA0MzBAZ21haWwuY29tIiwicm9sZSI6IndvcmtlciIsImV4cCI6MTc3NzU1MTM1M30.CsXwX12e3XFCfAAL7NP_LcdFjTPGmammImEqTxLoPYA' failed: WebSocket is closed before the connection is established. @ http://localhost:5173/src/components/NotificationBell.tsx?t=1777547618262:117
[    5227ms] [LOG] Loading notifications: mode=initial, cursor=null @ http://localhost:5173/src/components/NotificationBell.tsx?t=1777547618262:65
[    5228ms] [ERROR] WebSocket error: Event @ http://localhost:5173/src/components/NotificationBell.tsx?t=1777547618262:111
[    5229ms] [LOG] WebSocket disconnected @ http://localhost:5173/src/components/NotificationBell.tsx?t=1777547618262:114
[    5239ms] [LOG] Loaded 0 notifications, next_cursor=null @ http://localhost:5173/src/components/NotificationBell.tsx?t=1777547618262:68
[    5250ms] [LOG] WebSocket connected for notifications @ http://localhost:5173/src/components/NotificationBell.tsx?t=1777547618262:100
[    5255ms] [LOG] Loaded 0 notifications, next_cursor=null @ http://localhost:5173/src/components/NotificationBell.tsx?t=1777547618262:68
[   27353ms] [LOG] WebSocket disconnected @ http://localhost:5173/src/components/NotificationBell.tsx?t=1777547618262:114
[   27415ms] [LOG] Loading notifications: mode=initial, cursor=null @ http://localhost:5173/src/components/NotificationBell.tsx?t=1777547618262:65
[   27418ms] [WARNING] WebSocket connection to 'ws://localhost:8001/notifications/ws?token=eyJhbGciOiJIUzI1NiIsInR5cCI6IkpXVCJ9.eyJzdWIiOiJ0YWxlbnR1cC5qb2JzZWVrZXIuMjAyNjA0MzBAZ21haWwuY29tIiwicm9sZSI6IndvcmtlciIsImV4cCI6MTc3NzU1MTM1M30.CsXwX12e3XFCfAAL7NP_LcdFjTPGmammImEqTxLoPYA' failed: WebSocket is closed before the connection is established. @ http://localhost:5173/src/components/NotificationBell.tsx?t=1777547618262:117
[   27418ms] [LOG] Loading notifications: mode=initial, cursor=null @ http://localhost:5173/src/components/NotificationBell.tsx?t=1777547618262:65
[   27420ms] [ERROR] WebSocket error: Event @ http://localhost:5173/src/components/NotificationBell.tsx?t=1777547618262:111
[   27420ms] [LOG] WebSocket disconnected @ http://localhost:5173/src/components/NotificationBell.tsx?t=1777547618262:114
[   27455ms] [LOG] WebSocket connected for notifications @ http://localhost:5173/src/components/NotificationBell.tsx?t=1777547618262:100
[   27460ms] [LOG] Loaded 0 notifications, next_cursor=null @ http://localhost:5173/src/components/NotificationBell.tsx?t=1777547618262:68
[   27482ms] [ERROR] Failed to load resource: the server responded with a status of 404 (Not Found) @ http://localhost:8001/user/profile:0
[   27483ms] [LOG] Loaded 0 notifications, next_cursor=null @ http://localhost:5173/src/components/NotificationBell.tsx?t=1777547618262:68
[   27493ms] [ERROR] Failed to load resource: the server responded with a status of 404 (Not Found) @ http://localhost:8001/user/profile:0
[   27533ms] [ERROR] Access to fetch at 'http://localhost:8001/user/profile' from origin 'http://localhost:5173' has been blocked by CORS policy: No 'Access-Control-Allow-Origin' header is present on the requested resource. @ http://localhost:5173/dashboard:0
[   27533ms] [ERROR] Failed to load resource: net::ERR_FAILED @ http://localhost:8001/user/profile:0
[   37313ms] [LOG] WebSocket disconnected @ http://localhost:5173/src/components/NotificationBell.tsx?t=1777547618262:114
[   37344ms] [ERROR] Failed to load resource: net::ERR_EMPTY_RESPONSE @ http://localhost:8001/user/logout:0
