2026-02-22 15:12:31 - moodshare - INFO - User Vadim registered
2026-02-22 15:12:31 - moodshare - INFO - password hash: $2b$12$FGXgil0C8ay08UrwBB2BWeXGbZQ4dHyQH/ELfwXAtFKlbsv.Mjmcm
2026-02-28 22:23:37 - moodshare - ERROR - JWT expired: Signature has expired.
2026-02-28 22:23:37 - moodshare - ERROR - JWT expired: Signature has expired.
2026-02-28 23:16:58 - moodshare - ERROR - JWT expired: Signature has expired.
2026-02-28 23:16:58 - moodshare - ERROR - JWT expired: Signature has expired.
2026-03-01 10:53:12 - moodshare - ERROR - JWT expired: Signature has expired.
2026-03-01 10:53:12 - moodshare - ERROR - JWT expired: Signature has expired.
2026-03-01 12:02:54 - moodshare - ERROR - JWT expired: Signature has expired.
2026-03-01 12:02:54 - moodshare - ERROR - JWT expired: Signature has expired.
2026-03-01 12:03:38 - moodshare - DEBUG - Normalizing employment type [<EmploymentType.remote: 'Remote'>, <EmploymentType.hybrid: 'Hybrid'>]
2026-03-01 12:03:38 - moodshare - DEBUG - ['Remote', 'Hybrid']
2026-03-01 14:27:59 - moodshare - ERROR - JWT expired: Signature has expired.
2026-03-01 14:27:59 - moodshare - ERROR - JWT expired: Signature has expired.
2026-03-01 14:29:38 - moodshare - INFO - Resume PDF uploaded: resume_id=1 user_id=6
2026-03-01 14:38:32 - moodshare - INFO - Resume PDF uploaded: resume_id=1 user_id=6
2026-03-01 14:39:03 - moodshare - INFO - Resume PDF uploaded: resume_id=1 user_id=6
2026-03-02 09:29:19 - moodshare - ERROR - JWT expired: Signature has expired.
2026-03-02 09:29:19 - moodshare - ERROR - JWT expired: Signature has expired.
2026-03-02 21:08:49 - moodshare - ERROR - JWT expired: Signature has expired.
2026-03-02 21:08:49 - moodshare - ERROR - JWT expired: Signature has expired.
2026-03-04 10:21:12 - moodshare - ERROR - JWT expired: Signature has expired.
2026-03-04 10:21:12 - moodshare - ERROR - JWT expired: Signature has expired.
2026-03-21 21:36:14 - moodshare - ERROR - JWT expired: Signature has expired.
2026-03-21 21:36:14 - moodshare - ERROR - JWT expired: Signature has expired.
2026-03-21 21:36:14 - moodshare - ERROR - JWT expired: Signature has expired.
2026-03-22 17:00:11 - moodshare - ERROR - JWT expired: Signature has expired.
2026-03-22 17:00:11 - moodshare - ERROR - JWT expired: Signature has expired.
2026-03-22 17:00:11 - moodshare - ERROR - JWT expired: Signature has expired.
2026-03-22 22:09:43 - moodshare - ERROR - JWT expired: Signature has expired.
2026-03-22 22:09:44 - moodshare - ERROR - JWT expired: Signature has expired.
2026-03-22 22:09:44 - moodshare - ERROR - JWT expired: Signature has expired.
2026-03-29 13:13:02 - moodshare - ERROR - Redis pubsub listener error: Error Multiple exceptions: [Errno 10061] Connect call failed ('::1', 6379, 0, 0), [Errno 10061] Connect call failed ('127.0.0.1', 6379) connecting to localhost:6379.
2026-03-29 14:20:20 - moodshare - ERROR - Redis pubsub listener error: Error Multiple exceptions: [Errno 10061] Connect call failed ('::1', 6379, 0, 0), [Errno 10061] Connect call failed ('127.0.0.1', 6379) connecting to localhost:6379.
2026-03-29 14:20:25 - moodshare - ERROR - Redis pubsub listener error: Error Multiple exceptions: [Errno 10061] Connect call failed ('::1', 6379, 0, 0), [Errno 10061] Connect call failed ('127.0.0.1', 6379) connecting to localhost:6379.
2026-03-29 14:20:30 - moodshare - ERROR - Redis pubsub listener error: Error Multiple exceptions: [Errno 10061] Connect call failed ('::1', 6379, 0, 0), [Errno 10061] Connect call failed ('127.0.0.1', 6379) connecting to localhost:6379.
2026-03-29 14:20:35 - moodshare - ERROR - Redis pubsub listener error: Error Multiple exceptions: [Errno 10061] Connect call failed ('::1', 6379, 0, 0), [Errno 10061] Connect call failed ('127.0.0.1', 6379) connecting to localhost:6379.
2026-03-29 14:20:40 - moodshare - ERROR - Redis pubsub listener error: Error Multiple exceptions: [Errno 10061] Connect call failed ('::1', 6379, 0, 0), [Errno 10061] Connect call failed ('127.0.0.1', 6379) connecting to localhost:6379.
2026-03-29 14:20:45 - moodshare - ERROR - Redis pubsub listener error: Error Multiple exceptions: [Errno 10061] Connect call failed ('::1', 6379, 0, 0), [Errno 10061] Connect call failed ('127.0.0.1', 6379) connecting to localhost:6379.
2026-03-29 14:20:50 - moodshare - ERROR - Redis pubsub listener error: Error Multiple exceptions: [Errno 10061] Connect call failed ('::1', 6379, 0, 0), [Errno 10061] Connect call failed ('127.0.0.1', 6379) connecting to localhost:6379.
2026-03-29 14:20:56 - moodshare - ERROR - Redis pubsub listener error: Error Multiple exceptions: [Errno 10061] Connect call failed ('::1', 6379, 0, 0), [Errno 10061] Connect call failed ('127.0.0.1', 6379) connecting to localhost:6379.
2026-03-29 14:50:09 - moodshare - ERROR - JWT expired: Signature has expired.
2026-03-29 16:47:51 - moodshare - ERROR - JWT expired: Signature has expired.
2026-03-29 16:47:51 - moodshare - ERROR - JWT expired: Signature has expired.
2026-03-29 16:47:51 - moodshare - ERROR - JWT expired: Signature has expired.
2026-03-29 17:26:31 - moodshare - ERROR - JWT expired: Signature has expired.
2026-03-29 17:26:31 - moodshare - ERROR - JWT expired: Signature has expired.
2026-03-30 08:43:11 - moodshare - ERROR - JWT expired: Signature has expired.
2026-03-30 08:43:11 - moodshare - ERROR - JWT expired: Signature has expired.
2026-03-30 08:43:11 - moodshare - ERROR - JWT expired: Signature has expired.
2026-04-04 21:21:35 - moodshare - ERROR - Redis pubsub listener error: Error Multiple exceptions: [Errno 10061] Connect call failed ('::1', 6379, 0, 0), [Errno 10061] Connect call failed ('127.0.0.1', 6379) connecting to localhost:6379.
2026-04-04 21:21:40 - moodshare - ERROR - Redis pubsub listener error: Error Multiple exceptions: [Errno 10061] Connect call failed ('::1', 6379, 0, 0), [Errno 10061] Connect call failed ('127.0.0.1', 6379) connecting to localhost:6379.
2026-04-04 21:21:45 - moodshare - ERROR - Redis pubsub listener error: Error Multiple exceptions: [Errno 10061] Connect call failed ('::1', 6379, 0, 0), [Errno 10061] Connect call failed ('127.0.0.1', 6379) connecting to localhost:6379.
2026-04-04 21:21:50 - moodshare - ERROR - Redis pubsub listener error: Error Multiple exceptions: [Errno 10061] Connect call failed ('::1', 6379, 0, 0), [Errno 10061] Connect call failed ('127.0.0.1', 6379) connecting to localhost:6379.
2026-04-04 21:21:55 - moodshare - ERROR - Redis pubsub listener error: Error Multiple exceptions: [Errno 10061] Connect call failed ('::1', 6379, 0, 0), [Errno 10061] Connect call failed ('127.0.0.1', 6379) connecting to localhost:6379.
2026-04-04 21:22:00 - moodshare - ERROR - Redis pubsub listener error: Error Multiple exceptions: [Errno 10061] Connect call failed ('::1', 6379, 0, 0), [Errno 10061] Connect call failed ('127.0.0.1', 6379) connecting to localhost:6379.
2026-04-04 21:22:06 - moodshare - ERROR - Redis pubsub listener error: Error Multiple exceptions: [Errno 10061] Connect call failed ('::1', 6379, 0, 0), [Errno 10061] Connect call failed ('127.0.0.1', 6379) connecting to localhost:6379.
2026-04-04 21:31:48 - moodshare - ERROR - JWT expired: Signature has expired.
2026-04-04 21:31:48 - moodshare - ERROR - JWT expired: Signature has expired.
2026-04-04 22:02:17 - moodshare - ERROR - JWT expired: Signature has expired.
2026-04-04 22:02:17 - moodshare - ERROR - JWT expired: Signature has expired.
2026-04-21 18:36:02 - moodshare - INFO - User 2 connected to notifications ws
2026-04-21 18:36:02 - moodshare - INFO - User 2 connected to notifications ws
2026-04-21 18:36:07 - moodshare - INFO - User 2 connected to notifications ws
2026-04-21 18:36:07 - moodshare - INFO - User 2 connected to notifications ws
2026-04-21 18:36:10 - moodshare - INFO - User 2 connected to notifications ws
2026-04-21 18:36:15 - moodshare - INFO - User 2 connected to notifications ws
2026-04-21 18:36:16 - moodshare - INFO - User 2 connected to notifications ws
2026-04-21 18:36:20 - moodshare - INFO - User 2 connected to notifications ws
2026-04-21 18:36:20 - moodshare - INFO - User 2 connected to notifications ws
2026-04-21 18:36:25 - moodshare - INFO - User 2 connected to notifications ws
2026-04-21 18:36:25 - moodshare - INFO - User 2 connected to notifications ws
2026-04-21 18:36:27 - moodshare - INFO - User 2 connected to notifications ws
2026-04-21 18:36:27 - moodshare - INFO - User 2 connected to notifications ws
2026-04-21 18:36:28 - moodshare - INFO - User 2 connected to notifications ws
2026-04-21 18:36:28 - moodshare - INFO - User 2 connected to notifications ws
2026-04-21 18:36:30 - moodshare - INFO - User 2 connected to notifications ws
2026-04-21 18:36:30 - moodshare - INFO - User 2 connected to notifications ws
2026-04-21 18:36:31 - moodshare - INFO - User 2 connected to notifications ws
2026-04-21 18:36:31 - moodshare - INFO - User 2 connected to notifications ws
2026-04-21 18:36:36 - moodshare - INFO - User 2 connected to notifications ws
2026-04-21 18:36:36 - moodshare - INFO - User 2 connected to notifications ws
